<?xml version="1.0" encoding="UTF-8"?>
<!-- Generated by org.testng.reporters.JUnitXMLReporter -->
<testsuite hostname="Mac" ignored="4" name="Default test" tests="1" failures="0" timestamp="23 Feb 2017 01:03:00 GMT" time="7.655" errors="0">
  <testcase name="launchDriverChain" time="7.614" classname="Tests.LaunchDriver"/>
  <testcase name="launchDriverD" time="0.0" classname="Tests.LaunchDriver">
    <ignored/>
  </testcase> <!-- launchDriverD -->
  <testcase name="launchDriverC" time="0.0" classname="Tests.LaunchDriver">
    <ignored/>
  </testcase> <!-- launchDriverC -->
  <testcase name="launchDriverB" time="0.0" classname="Tests.LaunchDriver">
    <ignored/>
  </testcase> <!-- launchDriverB -->
  <testcase name="launchDriverA" time="0.0" classname="Tests.LaunchDriver">
    <ignored/>
  </testcase> <!-- launchDriverA -->
</testsuite> <!-- Default test -->
