<?xml version="1.0" encoding="UTF-8"?>
<!-- Generated by org.testng.reporters.JUnitXMLReporter -->
<testsuite hostname="EsteMac.local" ignored="0" name="Default test" tests="4" failures="0" timestamp="24 feb 2017 00:58:09 GMT" time="0.126" errors="0">
  <testcase name="openBrowser" time="0.022" classname="com.automationpractice.validateAnnotations"/>
  <testcase name="login" time="0.003" classname="com.automationpractice.validateAnnotations"/>
  <testcase name="signUp" time="0.006" classname="com.automationpractice.validateAnnotations"/>
  <testcase name="search" time="0.003" classname="com.automationpractice.validateAnnotations"/>
</testsuite> <!-- Default test -->
