<?xml version="1.0" encoding="UTF-8"?>
<!-- Generated by org.testng.reporters.JUnitXMLReporter -->
<testsuite hostname="EsteMac.local" ignored="0" name="Regression1" tests="4" failures="0" timestamp="24 feb 2017 01:04:19 GMT" time="0.078" errors="0">
  <testcase name="openBrowser" time="0.013" classname="com.automationpractice.validateAnnotations"/>
  <testcase name="login" time="0.004" classname="com.automationpractice.validateAnnotations"/>
  <testcase name="signUp" time="0.002" classname="com.automationpractice.validateAnnotations"/>
  <testcase name="search" time="0.002" classname="com.automationpractice.validateAnnotations"/>
</testsuite> <!-- Regression1 -->
