<?xml version="1.0" encoding="UTF-8"?>
<!-- Generated by org.testng.reporters.JUnitXMLReporter -->
<testsuite hostname="EsteMac.local" ignored="1" name="GRP-group1" tests="1" failures="0" timestamp="24 feb 2017 00:41:33 GMT" time="0.05" errors="0">
  <testcase name="search" time="0.02" classname="com.automationpractice.validateAnnotations"/>
  <testcase name="login" time="0.0" classname="com.automationpractice.validateAnnotations">
    <ignored/>
  </testcase> <!-- login -->
</testsuite> <!-- GRP-group1 -->
